2020-09-21 07:57:16,175 [http-nio-8080-exec-10] DEBUG cache.AbstractCache  - UserPrivilegeCheckCache: com.assia.dslo.expresse.gui.cache.SimpleEhCache: Get object with key=administrator#oltPortStateAdminComponent
2020-09-21 07:57:25,810 [Mail-Reprocessing-Thread] DEBUG mail.MailManager  - Re-processing mail task is started...
2020-09-21 07:57:25,810 [Mail-Reprocessing-Thread] DEBUG mail.MailManager  - There is total 0 mail(s) in pending mail queue.
2020-09-21 07:57:25,810 [Mail-Reprocessing-Thread] DEBUG mail.MailManager  - Re-processing mail task is completed.
2020-09-21 07:58:01,930 [pool-AuditHandlerManager-thread-1] DEBUG audit.DataBaseAuditHandler  - Time limit reached, even if the amount data is less than the minimum, audit information will be stored
2020-09-21 07:58:01,930 [pool-AuditHandlerManager-thread-1] DEBUG audit.DataBaseAuditHandler  - Done with all queued events
2020-09-21 07:58:01,930 [pool-AuditHandlerManager-thread-1] DEBUG audit.DataBaseAuditHandler  - Await until there is more data
2020-09-21 07:58:24,425 [Mail-Reprocessing-Thread] DEBUG mail.MailManager  - Re-processing mail task is started...
2020-09-21 07:58:24,426 [Mail-Reprocessing-Thread] DEBUG mail.MailManager  - There is total 0 mail(s) in pending mail queue.
2020-09-21 07:58:24,426 [Mail-Reprocessing-Thread] DEBUG mail.MailManager  - Re-processing mail task is completed.
2020-09-21 07:58:45,211 [http-nio-8080-exec-8] DEBUG security.AuditInterceptorHandler  - AuditInterceptorHandler is invoked ...
2020-09-21 07:58:45,211 [http-nio-8080-exec-8] DEBUG security.AuditInterceptorHandler  - Authentication token provided
2020-09-21 07:58:45,211 [http-nio-8080-exec-8] DEBUG security.AuditInterceptorHandler  - Status of authentication token is SUCCESS. User is AUTHENTICATED
2020-09-21 07:58:45,211 [http-nio-8080-exec-8] DEBUG security.AuditInterceptorHandler  - Message was successfully authenticated. Setting status to success
2020-09-21 07:58:45,211 [http-nio-8080-exec-8] DEBUG trace.ActivityTracingFile  - Activity:  USER[administrator] from IP[10.18.0.156]  Type[WS Request] Service[pe_data] Operation[getData] Status[Succeeded, Authenticated] Parameters[<?xml version='1.0' encoding='utf-8'?><soapenv:Envelope xmlns:soapenv="http://schemas.xmlsoap.org/soap/envelope/" xmlns:ws="http://ws.api.report.dslo.assia.com" xmlns:xsd="http://model.napi.dslo.assia.com/xsd">   <soapenv:Header/>   <soapenv:Body>      <ws:getData>         <ws:reportID>LAYER2_DATA</ws:reportID>         <ws:key>            <xsd:type>LINE_ID</xsd:type>            <xsd:value>9875550011</xsd:value>         </ws:key>         <ws:dateInfo>		<xsd:startDate>2020-09-19 00:00:00</xsd:startDate>         </ws:dateInfo>              </ws:getData>   </soapenv:Body></soapenv:Envelope>]
2020-09-21 07:58:45,211 [http-nio-8080-exec-8] DEBUG security.AuthenticationInterceptorHandler  - Running AuthenticationInterceptorHandler
2020-09-21 07:58:45,211 [http-nio-8080-exec-8] INFO  security.AuthenticationInterceptorHandler  - Doing authentication for service 'pe_data' and method 'getData'
2020-09-21 07:58:45,211 [http-nio-8080-exec-8] DEBUG security.AuthenticationInterceptorHandler  - User is already authenticated
2020-09-21 07:58:45,211 [http-nio-8080-exec-8] DEBUG security.AuthenticationInterceptorHandler  - Try to check the privilege to NAPI module name 'pe_data' method name 'getData' for account 'administrator'
2020-09-21 07:58:45,211 [http-nio-8080-exec-8] DEBUG dao.AbstractSearchDAO  - finding object instances with search criteria: [SearchKey [key=_userId, operator=EQUAL, value=administrator]]
2020-09-21 07:58:45,211 [http-nio-8080-exec-8] DEBUG dao.AbstractSearchDAO  - JQL String: select model from DbAccount model  where model._userId = :_userIdVal  order by  model. _userId ASC
2020-09-21 07:58:45,212 [http-nio-8080-exec-8] DEBUG dbpool.OracleUcpConnectionPool  - Connection request received on pool='assia'
2020-09-21 07:58:45,250 [http-nio-8080-exec-8] DEBUG dbpool.OracleUcpConnectionPool  - Delivered connection from pool='assia'
2020-09-21 07:58:45,250 [http-nio-8080-exec-8] DEBUG dbpool.OracleUcpConnectionPool  - assia: Total connections: 1 Available: 0 Checked-out: 1
2020-09-21 07:58:45,252 [http-nio-8080-exec-8] DEBUG dbpool.OracleUcpConnectionPool  - Returned connection to pool assia
2020-09-21 07:58:45,252 [http-nio-8080-exec-8] DEBUG dbpool.OracleUcpConnectionPool  - assia: Total connections: 1 Available: 1 Checked-out: 0
2020-09-21 07:58:45,252 [http-nio-8080-exec-8] DEBUG util.SpringBasedConfigurationReader  - Returning instance based on default class loader.
2020-09-21 07:58:45,252 [http-nio-8080-exec-8] DEBUG util.SpringBasedConfigurationReader  - Returning instance based on supplied class loader: null
2020-09-21 07:58:45,252 [http-nio-8080-exec-8] DEBUG util.SpringBasedConfigurationReader  - Find configuration reader from reader map for file: authenticate_spring.xml
2020-09-21 07:58:45,252 [http-nio-8080-exec-8] DEBUG v2.IdentityApi  - Loading account associated information
2020-09-21 07:58:45,252 [http-nio-8080-exec-8] DEBUG util.SpringBasedConfigurationReader  - Returning instance based on default class loader.
2020-09-21 07:58:45,252 [http-nio-8080-exec-8] DEBUG util.SpringBasedConfigurationReader  - Returning instance based on supplied class loader: null
2020-09-21 07:58:45,252 [http-nio-8080-exec-8] DEBUG util.SpringBasedConfigurationReader  - Find configuration reader from reader map for file: authenticate_spring.xml
2020-09-21 07:58:45,252 [http-nio-8080-exec-8] DEBUG db.DbAccountManager  - Loading password history for accounts: [administrator]
2020-09-21 07:58:45,253 [http-nio-8080-exec-8] DEBUG dbpool.OracleUcpConnectionPool  - Connection request received on pool='assia'
2020-09-21 07:58:45,253 [http-nio-8080-exec-8] DEBUG dbpool.OracleUcpConnectionPool  - Delivered connection from pool='assia'
2020-09-21 07:58:45,253 [http-nio-8080-exec-8] DEBUG dbpool.OracleUcpConnectionPool  - assia: Total connections: 1 Available: 0 Checked-out: 1
2020-09-21 07:58:45,254 [http-nio-8080-exec-8] DEBUG dbpool.OracleUcpConnectionPool  - Returned connection to pool assia
2020-09-21 07:58:45,254 [http-nio-8080-exec-8] DEBUG dbpool.OracleUcpConnectionPool  - assia: Total connections: 1 Available: 1 Checked-out: 0
2020-09-21 07:58:45,254 [http-nio-8080-exec-8] DEBUG db.DbAccountManager  - Loading roles associated to accounts: [administrator]
2020-09-21 07:58:45,254 [http-nio-8080-exec-8] DEBUG dbpool.OracleUcpConnectionPool  - Connection request received on pool='assia'
2020-09-21 07:58:45,254 [http-nio-8080-exec-8] DEBUG dbpool.OracleUcpConnectionPool  - Delivered connection from pool='assia'
2020-09-21 07:58:45,254 [http-nio-8080-exec-8] DEBUG dbpool.OracleUcpConnectionPool  - assia: Total connections: 1 Available: 0 Checked-out: 1
2020-09-21 07:58:45,258 [http-nio-8080-exec-8] DEBUG dbpool.OracleUcpConnectionPool  - Returned connection to pool assia
2020-09-21 07:58:45,258 [http-nio-8080-exec-8] DEBUG dbpool.OracleUcpConnectionPool  - assia: Total connections: 1 Available: 1 Checked-out: 0
2020-09-21 07:58:45,258 [http-nio-8080-exec-8] DEBUG db.DbAccountManager  - Loading role Admin as it is not cached
2020-09-21 07:58:45,258 [http-nio-8080-exec-8] DEBUG dbpool.OracleUcpConnectionPool  - Connection request received on pool='assia'
2020-09-21 07:58:45,258 [http-nio-8080-exec-8] DEBUG dbpool.OracleUcpConnectionPool  - Delivered connection from pool='assia'
2020-09-21 07:58:45,258 [http-nio-8080-exec-8] DEBUG dbpool.OracleUcpConnectionPool  - assia: Total connections: 1 Available: 0 Checked-out: 1
2020-09-21 07:58:45,259 [http-nio-8080-exec-8] DEBUG dbpool.OracleUcpConnectionPool  - Returned connection to pool assia
2020-09-21 07:58:45,260 [http-nio-8080-exec-8] DEBUG dbpool.OracleUcpConnectionPool  - assia: Total connections: 1 Available: 1 Checked-out: 0
2020-09-21 07:58:45,260 [http-nio-8080-exec-8] DEBUG dbpool.OracleUcpConnectionPool  - Connection request received on pool='assia'
2020-09-21 07:58:45,260 [http-nio-8080-exec-8] DEBUG dbpool.OracleUcpConnectionPool  - Delivered connection from pool='assia'
2020-09-21 07:58:45,260 [http-nio-8080-exec-8] DEBUG dbpool.OracleUcpConnectionPool  - assia: Total connections: 1 Available: 0 Checked-out: 1
2020-09-21 07:58:45,274 [http-nio-8080-exec-8] DEBUG dbpool.OracleUcpConnectionPool  - Returned connection to pool assia
2020-09-21 07:58:45,274 [http-nio-8080-exec-8] DEBUG dbpool.OracleUcpConnectionPool  - assia: Total connections: 1 Available: 1 Checked-out: 0
2020-09-21 07:58:45,274 [http-nio-8080-exec-8] DEBUG db.DbAccountManager  - Loading role CUSTOM_REPORT_RO as it is not cached
2020-09-21 07:58:45,275 [http-nio-8080-exec-8] DEBUG dbpool.OracleUcpConnectionPool  - Connection request received on pool='assia'
2020-09-21 07:58:45,275 [http-nio-8080-exec-8] DEBUG dbpool.OracleUcpConnectionPool  - Delivered connection from pool='assia'
2020-09-21 07:58:45,275 [http-nio-8080-exec-8] DEBUG dbpool.OracleUcpConnectionPool  - assia: Total connections: 1 Available: 0 Checked-out: 1
2020-09-21 07:58:45,276 [http-nio-8080-exec-8] DEBUG dbpool.OracleUcpConnectionPool  - Returned connection to pool assia
2020-09-21 07:58:45,276 [http-nio-8080-exec-8] DEBUG dbpool.OracleUcpConnectionPool  - assia: Total connections: 1 Available: 1 Checked-out: 0
2020-09-21 07:58:45,276 [http-nio-8080-exec-8] DEBUG dbpool.OracleUcpConnectionPool  - Connection request received on pool='assia'
2020-09-21 07:58:45,276 [http-nio-8080-exec-8] DEBUG dbpool.OracleUcpConnectionPool  - Delivered connection from pool='assia'
2020-09-21 07:58:45,276 [http-nio-8080-exec-8] DEBUG dbpool.OracleUcpConnectionPool  - assia: Total connections: 1 Available: 0 Checked-out: 1
2020-09-21 07:58:45,279 [http-nio-8080-exec-8] DEBUG dbpool.OracleUcpConnectionPool  - Returned connection to pool assia
2020-09-21 07:58:45,279 [http-nio-8080-exec-8] DEBUG dbpool.OracleUcpConnectionPool  - assia: Total connections: 1 Available: 1 Checked-out: 0
2020-09-21 07:58:45,279 [http-nio-8080-exec-8] DEBUG db.DbAccountManager  - Loading role CUSTOM_REPORT_RW as it is not cached
2020-09-21 07:58:45,280 [http-nio-8080-exec-8] DEBUG dbpool.OracleUcpConnectionPool  - Connection request received on pool='assia'
2020-09-21 07:58:45,280 [http-nio-8080-exec-8] DEBUG dbpool.OracleUcpConnectionPool  - Delivered connection from pool='assia'
2020-09-21 07:58:45,280 [http-nio-8080-exec-8] DEBUG dbpool.OracleUcpConnectionPool  - assia: Total connections: 1 Available: 0 Checked-out: 1
2020-09-21 07:58:45,280 [http-nio-8080-exec-8] DEBUG dbpool.OracleUcpConnectionPool  - Returned connection to pool assia
2020-09-21 07:58:45,280 [http-nio-8080-exec-8] DEBUG dbpool.OracleUcpConnectionPool  - assia: Total connections: 1 Available: 1 Checked-out: 0
2020-09-21 07:58:45,281 [http-nio-8080-exec-8] DEBUG dbpool.OracleUcpConnectionPool  - Connection request received on pool='assia'
2020-09-21 07:58:45,281 [http-nio-8080-exec-8] DEBUG dbpool.OracleUcpConnectionPool  - Delivered connection from pool='assia'
2020-09-21 07:58:45,281 [http-nio-8080-exec-8] DEBUG dbpool.OracleUcpConnectionPool  - assia: Total connections: 1 Available: 0 Checked-out: 1
2020-09-21 07:58:45,285 [http-nio-8080-exec-8] DEBUG dbpool.OracleUcpConnectionPool  - Returned connection to pool assia
2020-09-21 07:58:45,285 [http-nio-8080-exec-8] DEBUG dbpool.OracleUcpConnectionPool  - assia: Total connections: 1 Available: 1 Checked-out: 0
2020-09-21 07:58:45,285 [http-nio-8080-exec-8] DEBUG db.DbAccountManager  - Loading role Engineer as it is not cached
2020-09-21 07:58:45,285 [http-nio-8080-exec-8] DEBUG dbpool.OracleUcpConnectionPool  - Connection request received on pool='assia'
2020-09-21 07:58:45,285 [http-nio-8080-exec-8] DEBUG dbpool.OracleUcpConnectionPool  - Delivered connection from pool='assia'
2020-09-21 07:58:45,285 [http-nio-8080-exec-8] DEBUG dbpool.OracleUcpConnectionPool  - assia: Total connections: 1 Available: 0 Checked-out: 1
2020-09-21 07:58:45,286 [http-nio-8080-exec-8] DEBUG dbpool.OracleUcpConnectionPool  - Returned connection to pool assia
2020-09-21 07:58:45,286 [http-nio-8080-exec-8] DEBUG dbpool.OracleUcpConnectionPool  - assia: Total connections: 1 Available: 1 Checked-out: 0
2020-09-21 07:58:45,286 [http-nio-8080-exec-8] DEBUG dbpool.OracleUcpConnectionPool  - Connection request received on pool='assia'
2020-09-21 07:58:45,286 [http-nio-8080-exec-8] DEBUG dbpool.OracleUcpConnectionPool  - Delivered connection from pool='assia'
2020-09-21 07:58:45,286 [http-nio-8080-exec-8] DEBUG dbpool.OracleUcpConnectionPool  - assia: Total connections: 1 Available: 0 Checked-out: 1
2020-09-21 07:58:45,292 [http-nio-8080-exec-8] DEBUG dbpool.OracleUcpConnectionPool  - Returned connection to pool assia
2020-09-21 07:58:45,292 [http-nio-8080-exec-8] DEBUG dbpool.OracleUcpConnectionPool  - assia: Total connections: 1 Available: 1 Checked-out: 0
2020-09-21 07:58:45,292 [http-nio-8080-exec-8] DEBUG db.DbAccountManager  - Loading role NewGuiEngineer as it is not cached
2020-09-21 07:58:45,293 [http-nio-8080-exec-8] DEBUG dbpool.OracleUcpConnectionPool  - Connection request received on pool='assia'
2020-09-21 07:58:45,293 [http-nio-8080-exec-8] DEBUG dbpool.OracleUcpConnectionPool  - Delivered connection from pool='assia'
2020-09-21 07:58:45,293 [http-nio-8080-exec-8] DEBUG dbpool.OracleUcpConnectionPool  - assia: Total connections: 1 Available: 0 Checked-out: 1
2020-09-21 07:58:45,294 [http-nio-8080-exec-8] DEBUG dbpool.OracleUcpConnectionPool  - Returned connection to pool assia
2020-09-21 07:58:45,294 [http-nio-8080-exec-8] DEBUG dbpool.OracleUcpConnectionPool  - assia: Total connections: 1 Available: 1 Checked-out: 0
2020-09-21 07:58:45,294 [http-nio-8080-exec-8] DEBUG dbpool.OracleUcpConnectionPool  - Connection request received on pool='assia'
2020-09-21 07:58:45,294 [http-nio-8080-exec-8] DEBUG dbpool.OracleUcpConnectionPool  - Delivered connection from pool='assia'
2020-09-21 07:58:45,294 [http-nio-8080-exec-8] DEBUG dbpool.OracleUcpConnectionPool  - assia: Total connections: 1 Available: 0 Checked-out: 1
2020-09-21 07:58:45,297 [http-nio-8080-exec-8] DEBUG dbpool.OracleUcpConnectionPool  - Returned connection to pool assia
2020-09-21 07:58:45,298 [http-nio-8080-exec-8] DEBUG dbpool.OracleUcpConnectionPool  - assia: Total connections: 1 Available: 1 Checked-out: 0
2020-09-21 07:58:45,298 [http-nio-8080-exec-8] DEBUG db.DbAccountManager  - Loading role Operator as it is not cached
2020-09-21 07:58:45,298 [http-nio-8080-exec-8] DEBUG dbpool.OracleUcpConnectionPool  - Connection request received on pool='assia'
2020-09-21 07:58:45,298 [http-nio-8080-exec-8] DEBUG dbpool.OracleUcpConnectionPool  - Delivered connection from pool='assia'
2020-09-21 07:58:45,298 [http-nio-8080-exec-8] DEBUG dbpool.OracleUcpConnectionPool  - assia: Total connections: 1 Available: 0 Checked-out: 1
2020-09-21 07:58:45,299 [http-nio-8080-exec-8] DEBUG dbpool.OracleUcpConnectionPool  - Returned connection to pool assia
2020-09-21 07:58:45,299 [http-nio-8080-exec-8] DEBUG dbpool.OracleUcpConnectionPool  - assia: Total connections: 1 Available: 1 Checked-out: 0
2020-09-21 07:58:45,299 [http-nio-8080-exec-8] DEBUG dbpool.OracleUcpConnectionPool  - Connection request received on pool='assia'
2020-09-21 07:58:45,299 [http-nio-8080-exec-8] DEBUG dbpool.OracleUcpConnectionPool  - Delivered connection from pool='assia'
2020-09-21 07:58:45,299 [http-nio-8080-exec-8] DEBUG dbpool.OracleUcpConnectionPool  - assia: Total connections: 1 Available: 0 Checked-out: 1
2020-09-21 07:58:45,304 [http-nio-8080-exec-8] DEBUG dbpool.OracleUcpConnectionPool  - Returned connection to pool assia
2020-09-21 07:58:45,304 [http-nio-8080-exec-8] DEBUG dbpool.OracleUcpConnectionPool  - assia: Total connections: 1 Available: 1 Checked-out: 0
2020-09-21 07:58:45,304 [http-nio-8080-exec-8] DEBUG db.DbAccountManager  - Loading role REPORT_ADMIN as it is not cached
2020-09-21 07:58:45,305 [http-nio-8080-exec-8] DEBUG dbpool.OracleUcpConnectionPool  - Connection request received on pool='assia'
2020-09-21 07:58:45,305 [http-nio-8080-exec-8] DEBUG dbpool.OracleUcpConnectionPool  - Delivered connection from pool='assia'
2020-09-21 07:58:45,305 [http-nio-8080-exec-8] DEBUG dbpool.OracleUcpConnectionPool  - assia: Total connections: 1 Available: 0 Checked-out: 1
2020-09-21 07:58:45,306 [http-nio-8080-exec-8] DEBUG dbpool.OracleUcpConnectionPool  - Returned connection to pool assia
2020-09-21 07:58:45,306 [http-nio-8080-exec-8] DEBUG dbpool.OracleUcpConnectionPool  - assia: Total connections: 1 Available: 1 Checked-out: 0
2020-09-21 07:58:45,306 [http-nio-8080-exec-8] DEBUG dbpool.OracleUcpConnectionPool  - Connection request received on pool='assia'
2020-09-21 07:58:45,306 [http-nio-8080-exec-8] DEBUG dbpool.OracleUcpConnectionPool  - Delivered connection from pool='assia'
2020-09-21 07:58:45,307 [http-nio-8080-exec-8] DEBUG dbpool.OracleUcpConnectionPool  - assia: Total connections: 1 Available: 0 Checked-out: 1
2020-09-21 07:58:45,309 [http-nio-8080-exec-8] DEBUG dbpool.OracleUcpConnectionPool  - Returned connection to pool assia
2020-09-21 07:58:45,309 [http-nio-8080-exec-8] DEBUG dbpool.OracleUcpConnectionPool  - assia: Total connections: 1 Available: 1 Checked-out: 0
2020-09-21 07:58:45,309 [http-nio-8080-exec-8] DEBUG db.DbAccountManager  - Loading role REPORT_OPERATOR as it is not cached
2020-09-21 07:58:45,309 [http-nio-8080-exec-8] DEBUG dbpool.OracleUcpConnectionPool  - Connection request received on pool='assia'
2020-09-21 07:58:45,309 [http-nio-8080-exec-8] DEBUG dbpool.OracleUcpConnectionPool  - Delivered connection from pool='assia'
2020-09-21 07:58:45,310 [http-nio-8080-exec-8] DEBUG dbpool.OracleUcpConnectionPool  - assia: Total connections: 1 Available: 0 Checked-out: 1
2020-09-21 07:58:45,310 [http-nio-8080-exec-8] DEBUG dbpool.OracleUcpConnectionPool  - Returned connection to pool assia
2020-09-21 07:58:45,310 [http-nio-8080-exec-8] DEBUG dbpool.OracleUcpConnectionPool  - assia: Total connections: 1 Available: 1 Checked-out: 0
2020-09-21 07:58:45,311 [http-nio-8080-exec-8] DEBUG dbpool.OracleUcpConnectionPool  - Connection request received on pool='assia'
2020-09-21 07:58:45,311 [http-nio-8080-exec-8] DEBUG dbpool.OracleUcpConnectionPool  - Delivered connection from pool='assia'
2020-09-21 07:58:45,311 [http-nio-8080-exec-8] DEBUG dbpool.OracleUcpConnectionPool  - assia: Total connections: 1 Available: 0 Checked-out: 1
2020-09-21 07:58:45,312 [http-nio-8080-exec-8] DEBUG dbpool.OracleUcpConnectionPool  - Returned connection to pool assia
2020-09-21 07:58:45,312 [http-nio-8080-exec-8] DEBUG dbpool.OracleUcpConnectionPool  - assia: Total connections: 1 Available: 1 Checked-out: 0
2020-09-21 07:58:45,313 [http-nio-8080-exec-8] DEBUG db.DbAccountManager  - Loading role REPORT_USER as it is not cached
2020-09-21 07:58:45,313 [http-nio-8080-exec-8] DEBUG dbpool.OracleUcpConnectionPool  - Connection request received on pool='assia'
2020-09-21 07:58:45,313 [http-nio-8080-exec-8] DEBUG dbpool.OracleUcpConnectionPool  - Delivered connection from pool='assia'
2020-09-21 07:58:45,313 [http-nio-8080-exec-8] DEBUG dbpool.OracleUcpConnectionPool  - assia: Total connections: 1 Available: 0 Checked-out: 1
2020-09-21 07:58:45,314 [http-nio-8080-exec-8] DEBUG dbpool.OracleUcpConnectionPool  - Returned connection to pool assia
2020-09-21 07:58:45,314 [http-nio-8080-exec-8] DEBUG dbpool.OracleUcpConnectionPool  - assia: Total connections: 1 Available: 1 Checked-out: 0
2020-09-21 07:58:45,314 [http-nio-8080-exec-8] DEBUG dbpool.OracleUcpConnectionPool  - Connection request received on pool='assia'
2020-09-21 07:58:45,314 [http-nio-8080-exec-8] DEBUG dbpool.OracleUcpConnectionPool  - Delivered connection from pool='assia'
2020-09-21 07:58:45,314 [http-nio-8080-exec-8] DEBUG dbpool.OracleUcpConnectionPool  - assia: Total connections: 1 Available: 0 Checked-out: 1
2020-09-21 07:58:45,316 [http-nio-8080-exec-8] DEBUG dbpool.OracleUcpConnectionPool  - Returned connection to pool assia
2020-09-21 07:58:45,316 [http-nio-8080-exec-8] DEBUG dbpool.OracleUcpConnectionPool  - assia: Total connections: 1 Available: 1 Checked-out: 0
2020-09-21 07:58:45,316 [http-nio-8080-exec-8] DEBUG db.DbAccountManager  - Loading user specific privileges for accounts: [administrator]
2020-09-21 07:58:45,317 [http-nio-8080-exec-8] DEBUG dbpool.OracleUcpConnectionPool  - Connection request received on pool='assia'
2020-09-21 07:58:45,317 [http-nio-8080-exec-8] DEBUG dbpool.OracleUcpConnectionPool  - Delivered connection from pool='assia'
2020-09-21 07:58:45,317 [http-nio-8080-exec-8] DEBUG dbpool.OracleUcpConnectionPool  - assia: Total connections: 1 Available: 0 Checked-out: 1
2020-09-21 07:58:45,342 [http-nio-8080-exec-8] DEBUG dbpool.OracleUcpConnectionPool  - Returned connection to pool assia
2020-09-21 07:58:45,342 [http-nio-8080-exec-8] DEBUG dbpool.OracleUcpConnectionPool  - assia: Total connections: 1 Available: 1 Checked-out: 0
2020-09-21 07:58:45,344 [http-nio-8080-exec-8] DEBUG dbpool.OracleUcpConnectionPool  - Connection request received on pool='assia'
2020-09-21 07:58:45,344 [http-nio-8080-exec-8] DEBUG dbpool.OracleUcpConnectionPool  - Delivered connection from pool='assia'
2020-09-21 07:58:45,344 [http-nio-8080-exec-8] DEBUG dbpool.OracleUcpConnectionPool  - assia: Total connections: 1 Available: 0 Checked-out: 1
2020-09-21 07:58:45,346 [http-nio-8080-exec-8] DEBUG dbpool.OracleUcpConnectionPool  - Returned connection to pool assia
2020-09-21 07:58:45,346 [http-nio-8080-exec-8] DEBUG dbpool.OracleUcpConnectionPool  - assia: Total connections: 1 Available: 1 Checked-out: 0
2020-09-21 07:58:45,348 [http-nio-8080-exec-8] DEBUG dbpool.OracleUcpConnectionPool  - Connection request received on pool='assia'
2020-09-21 07:58:45,348 [http-nio-8080-exec-8] DEBUG dbpool.OracleUcpConnectionPool  - Delivered connection from pool='assia'
2020-09-21 07:58:45,348 [http-nio-8080-exec-8] DEBUG dbpool.OracleUcpConnectionPool  - assia: Total connections: 1 Available: 0 Checked-out: 1
2020-09-21 07:58:45,350 [http-nio-8080-exec-8] DEBUG dbpool.OracleUcpConnectionPool  - Returned connection to pool assia
2020-09-21 07:58:45,350 [http-nio-8080-exec-8] DEBUG dbpool.OracleUcpConnectionPool  - assia: Total connections: 1 Available: 1 Checked-out: 0
2020-09-21 07:58:45,350 [http-nio-8080-exec-8] DEBUG dbpool.OracleUcpConnectionPool  - Connection request received on pool='assia'
2020-09-21 07:58:45,351 [http-nio-8080-exec-8] DEBUG dbpool.OracleUcpConnectionPool  - Delivered connection from pool='assia'
2020-09-21 07:58:45,351 [http-nio-8080-exec-8] DEBUG dbpool.OracleUcpConnectionPool  - assia: Total connections: 1 Available: 0 Checked-out: 1
2020-09-21 07:58:45,353 [http-nio-8080-exec-8] DEBUG dbpool.OracleUcpConnectionPool  - Returned connection to pool assia
2020-09-21 07:58:45,353 [http-nio-8080-exec-8] DEBUG dbpool.OracleUcpConnectionPool  - assia: Total connections: 1 Available: 1 Checked-out: 0
2020-09-21 07:58:45,353 [http-nio-8080-exec-8] DEBUG dbpool.OracleUcpConnectionPool  - Connection request received on pool='assia'
2020-09-21 07:58:45,353 [http-nio-8080-exec-8] DEBUG dbpool.OracleUcpConnectionPool  - Delivered connection from pool='assia'
2020-09-21 07:58:45,353 [http-nio-8080-exec-8] DEBUG dbpool.OracleUcpConnectionPool  - assia: Total connections: 1 Available: 0 Checked-out: 1
2020-09-21 07:58:45,356 [http-nio-8080-exec-8] DEBUG dbpool.OracleUcpConnectionPool  - Returned connection to pool assia
2020-09-21 07:58:45,356 [http-nio-8080-exec-8] DEBUG dbpool.OracleUcpConnectionPool  - assia: Total connections: 1 Available: 1 Checked-out: 0
2020-09-21 07:58:45,357 [http-nio-8080-exec-8] DEBUG dbpool.OracleUcpConnectionPool  - Connection request received on pool='assia'
2020-09-21 07:58:45,357 [http-nio-8080-exec-8] DEBUG dbpool.OracleUcpConnectionPool  - Delivered connection from pool='assia'
2020-09-21 07:58:45,357 [http-nio-8080-exec-8] DEBUG dbpool.OracleUcpConnectionPool  - assia: Total connections: 1 Available: 0 Checked-out: 1
2020-09-21 07:58:45,359 [http-nio-8080-exec-8] DEBUG dbpool.OracleUcpConnectionPool  - Returned connection to pool assia
2020-09-21 07:58:45,359 [http-nio-8080-exec-8] DEBUG dbpool.OracleUcpConnectionPool  - assia: Total connections: 1 Available: 1 Checked-out: 0
2020-09-21 07:58:45,359 [http-nio-8080-exec-8] DEBUG dbpool.OracleUcpConnectionPool  - Connection request received on pool='assia'
2020-09-21 07:58:45,359 [http-nio-8080-exec-8] DEBUG dbpool.OracleUcpConnectionPool  - Delivered connection from pool='assia'
2020-09-21 07:58:45,359 [http-nio-8080-exec-8] DEBUG dbpool.OracleUcpConnectionPool  - assia: Total connections: 1 Available: 0 Checked-out: 1
2020-09-21 07:58:45,361 [http-nio-8080-exec-8] DEBUG dbpool.OracleUcpConnectionPool  - Returned connection to pool assia
2020-09-21 07:58:45,361 [http-nio-8080-exec-8] DEBUG dbpool.OracleUcpConnectionPool  - assia: Total connections: 1 Available: 1 Checked-out: 0
2020-09-21 07:58:45,361 [http-nio-8080-exec-8] DEBUG dbpool.OracleUcpConnectionPool  - Connection request received on pool='assia'
2020-09-21 07:58:45,362 [http-nio-8080-exec-8] DEBUG dbpool.OracleUcpConnectionPool  - Delivered connection from pool='assia'
2020-09-21 07:58:45,362 [http-nio-8080-exec-8] DEBUG dbpool.OracleUcpConnectionPool  - assia: Total connections: 1 Available: 0 Checked-out: 1
2020-09-21 07:58:45,363 [http-nio-8080-exec-8] DEBUG dbpool.OracleUcpConnectionPool  - Returned connection to pool assia
2020-09-21 07:58:45,363 [http-nio-8080-exec-8] DEBUG dbpool.OracleUcpConnectionPool  - assia: Total connections: 1 Available: 1 Checked-out: 0
2020-09-21 07:58:45,363 [http-nio-8080-exec-8] DEBUG dbpool.OracleUcpConnectionPool  - Connection request received on pool='assia'
2020-09-21 07:58:45,364 [http-nio-8080-exec-8] DEBUG dbpool.OracleUcpConnectionPool  - Delivered connection from pool='assia'
2020-09-21 07:58:45,364 [http-nio-8080-exec-8] DEBUG dbpool.OracleUcpConnectionPool  - assia: Total connections: 1 Available: 0 Checked-out: 1
2020-09-21 07:58:45,365 [http-nio-8080-exec-8] DEBUG dbpool.OracleUcpConnectionPool  - Returned connection to pool assia
2020-09-21 07:58:45,366 [http-nio-8080-exec-8] DEBUG dbpool.OracleUcpConnectionPool  - assia: Total connections: 1 Available: 1 Checked-out: 0
2020-09-21 07:58:45,368 [http-nio-8080-exec-8] DEBUG dbpool.OracleUcpConnectionPool  - Connection request received on pool='assia'
2020-09-21 07:58:45,368 [http-nio-8080-exec-8] DEBUG dbpool.OracleUcpConnectionPool  - Delivered connection from pool='assia'
2020-09-21 07:58:45,368 [http-nio-8080-exec-8] DEBUG dbpool.OracleUcpConnectionPool  - assia: Total connections: 1 Available: 0 Checked-out: 1
2020-09-21 07:58:45,370 [http-nio-8080-exec-8] DEBUG dbpool.OracleUcpConnectionPool  - Returned connection to pool assia
2020-09-21 07:58:45,370 [http-nio-8080-exec-8] DEBUG dbpool.OracleUcpConnectionPool  - assia: Total connections: 1 Available: 1 Checked-out: 0
2020-09-21 07:58:45,370 [http-nio-8080-exec-8] DEBUG dbpool.OracleUcpConnectionPool  - Connection request received on pool='assia'
2020-09-21 07:58:45,371 [http-nio-8080-exec-8] DEBUG dbpool.OracleUcpConnectionPool  - Delivered connection from pool='assia'
2020-09-21 07:58:45,371 [http-nio-8080-exec-8] DEBUG dbpool.OracleUcpConnectionPool  - assia: Total connections: 1 Available: 0 Checked-out: 1
2020-09-21 07:58:45,373 [http-nio-8080-exec-8] DEBUG dbpool.OracleUcpConnectionPool  - Returned connection to pool assia
2020-09-21 07:58:45,373 [http-nio-8080-exec-8] DEBUG dbpool.OracleUcpConnectionPool  - assia: Total connections: 1 Available: 1 Checked-out: 0
2020-09-21 07:58:45,373 [http-nio-8080-exec-8] DEBUG dbpool.OracleUcpConnectionPool  - Connection request received on pool='assia'
2020-09-21 07:58:45,374 [http-nio-8080-exec-8] DEBUG dbpool.OracleUcpConnectionPool  - Delivered connection from pool='assia'
2020-09-21 07:58:45,374 [http-nio-8080-exec-8] DEBUG dbpool.OracleUcpConnectionPool  - assia: Total connections: 1 Available: 0 Checked-out: 1
2020-09-21 07:58:45,379 [http-nio-8080-exec-8] DEBUG dbpool.OracleUcpConnectionPool  - Returned connection to pool assia
2020-09-21 07:58:45,379 [http-nio-8080-exec-8] DEBUG dbpool.OracleUcpConnectionPool  - assia: Total connections: 1 Available: 1 Checked-out: 0
2020-09-21 07:58:45,379 [http-nio-8080-exec-8] DEBUG dbpool.OracleUcpConnectionPool  - Connection request received on pool='assia'
2020-09-21 07:58:45,380 [http-nio-8080-exec-8] DEBUG dbpool.OracleUcpConnectionPool  - Delivered connection from pool='assia'
2020-09-21 07:58:45,380 [http-nio-8080-exec-8] DEBUG dbpool.OracleUcpConnectionPool  - assia: Total connections: 1 Available: 0 Checked-out: 1
2020-09-21 07:58:45,383 [http-nio-8080-exec-8] DEBUG dbpool.OracleUcpConnectionPool  - Returned connection to pool assia
2020-09-21 07:58:45,383 [http-nio-8080-exec-8] DEBUG dbpool.OracleUcpConnectionPool  - assia: Total connections: 1 Available: 1 Checked-out: 0
2020-09-21 07:58:45,383 [http-nio-8080-exec-8] DEBUG dbpool.OracleUcpConnectionPool  - Connection request received on pool='assia'
2020-09-21 07:58:45,384 [http-nio-8080-exec-8] DEBUG dbpool.OracleUcpConnectionPool  - Delivered connection from pool='assia'
2020-09-21 07:58:45,384 [http-nio-8080-exec-8] DEBUG dbpool.OracleUcpConnectionPool  - assia: Total connections: 1 Available: 0 Checked-out: 1
2020-09-21 07:58:45,388 [http-nio-8080-exec-8] DEBUG dbpool.OracleUcpConnectionPool  - Returned connection to pool assia
2020-09-21 07:58:45,388 [http-nio-8080-exec-8] DEBUG dbpool.OracleUcpConnectionPool  - assia: Total connections: 1 Available: 1 Checked-out: 0
2020-09-21 07:58:45,388 [http-nio-8080-exec-8] DEBUG dbpool.OracleUcpConnectionPool  - Connection request received on pool='assia'
2020-09-21 07:58:45,389 [http-nio-8080-exec-8] DEBUG dbpool.OracleUcpConnectionPool  - Delivered connection from pool='assia'
2020-09-21 07:58:45,389 [http-nio-8080-exec-8] DEBUG dbpool.OracleUcpConnectionPool  - assia: Total connections: 1 Available: 0 Checked-out: 1
2020-09-21 07:58:45,391 [http-nio-8080-exec-8] DEBUG dbpool.OracleUcpConnectionPool  - Returned connection to pool assia
2020-09-21 07:58:45,391 [http-nio-8080-exec-8] DEBUG dbpool.OracleUcpConnectionPool  - assia: Total connections: 1 Available: 1 Checked-out: 0
2020-09-21 07:58:45,391 [http-nio-8080-exec-8] DEBUG dbpool.OracleUcpConnectionPool  - Connection request received on pool='assia'
2020-09-21 07:58:45,391 [http-nio-8080-exec-8] DEBUG dbpool.OracleUcpConnectionPool  - Delivered connection from pool='assia'
2020-09-21 07:58:45,392 [http-nio-8080-exec-8] DEBUG dbpool.OracleUcpConnectionPool  - assia: Total connections: 1 Available: 0 Checked-out: 1
2020-09-21 07:58:45,395 [http-nio-8080-exec-8] DEBUG dbpool.OracleUcpConnectionPool  - Returned connection to pool assia
2020-09-21 07:58:45,395 [http-nio-8080-exec-8] DEBUG dbpool.OracleUcpConnectionPool  - assia: Total connections: 1 Available: 1 Checked-out: 0
2020-09-21 07:58:45,395 [http-nio-8080-exec-8] DEBUG dbpool.OracleUcpConnectionPool  - Connection request received on pool='assia'
2020-09-21 07:58:45,395 [http-nio-8080-exec-8] DEBUG dbpool.OracleUcpConnectionPool  - Delivered connection from pool='assia'
2020-09-21 07:58:45,395 [http-nio-8080-exec-8] DEBUG dbpool.OracleUcpConnectionPool  - assia: Total connections: 1 Available: 0 Checked-out: 1
2020-09-21 07:58:45,398 [http-nio-8080-exec-8] DEBUG dbpool.OracleUcpConnectionPool  - Returned connection to pool assia
2020-09-21 07:58:45,398 [http-nio-8080-exec-8] DEBUG dbpool.OracleUcpConnectionPool  - assia: Total connections: 1 Available: 1 Checked-out: 0
2020-09-21 07:58:45,402 [http-nio-8080-exec-8] DEBUG dbpool.OracleUcpConnectionPool  - Connection request received on pool='assia'
2020-09-21 07:58:45,402 [http-nio-8080-exec-8] DEBUG dbpool.OracleUcpConnectionPool  - Delivered connection from pool='assia'
2020-09-21 07:58:45,402 [http-nio-8080-exec-8] DEBUG dbpool.OracleUcpConnectionPool  - assia: Total connections: 1 Available: 0 Checked-out: 1
2020-09-21 07:58:45,404 [http-nio-8080-exec-8] DEBUG dbpool.OracleUcpConnectionPool  - Returned connection to pool assia
2020-09-21 07:58:45,404 [http-nio-8080-exec-8] DEBUG dbpool.OracleUcpConnectionPool  - assia: Total connections: 1 Available: 1 Checked-out: 0
2020-09-21 07:58:45,405 [http-nio-8080-exec-8] DEBUG dbpool.OracleUcpConnectionPool  - Connection request received on pool='assia'
2020-09-21 07:58:45,405 [http-nio-8080-exec-8] DEBUG dbpool.OracleUcpConnectionPool  - Delivered connection from pool='assia'
2020-09-21 07:58:45,405 [http-nio-8080-exec-8] DEBUG dbpool.OracleUcpConnectionPool  - assia: Total connections: 1 Available: 0 Checked-out: 1
2020-09-21 07:58:45,407 [http-nio-8080-exec-8] DEBUG dbpool.OracleUcpConnectionPool  - Returned connection to pool assia
2020-09-21 07:58:45,407 [http-nio-8080-exec-8] DEBUG dbpool.OracleUcpConnectionPool  - assia: Total connections: 1 Available: 1 Checked-out: 0
2020-09-21 07:58:45,407 [http-nio-8080-exec-8] DEBUG dbpool.OracleUcpConnectionPool  - Connection request received on pool='assia'
2020-09-21 07:58:45,408 [http-nio-8080-exec-8] DEBUG dbpool.OracleUcpConnectionPool  - Delivered connection from pool='assia'
2020-09-21 07:58:45,408 [http-nio-8080-exec-8] DEBUG dbpool.OracleUcpConnectionPool  - assia: Total connections: 1 Available: 0 Checked-out: 1
2020-09-21 07:58:45,411 [http-nio-8080-exec-8] DEBUG dbpool.OracleUcpConnectionPool  - Returned connection to pool assia
2020-09-21 07:58:45,411 [http-nio-8080-exec-8] DEBUG dbpool.OracleUcpConnectionPool  - assia: Total connections: 1 Available: 1 Checked-out: 0
2020-09-21 07:58:45,411 [http-nio-8080-exec-8] DEBUG dbpool.OracleUcpConnectionPool  - Connection request received on pool='assia'
2020-09-21 07:58:45,411 [http-nio-8080-exec-8] DEBUG dbpool.OracleUcpConnectionPool  - Delivered connection from pool='assia'
2020-09-21 07:58:45,411 [http-nio-8080-exec-8] DEBUG dbpool.OracleUcpConnectionPool  - assia: Total connections: 1 Available: 0 Checked-out: 1
2020-09-21 07:58:45,413 [http-nio-8080-exec-8] DEBUG dbpool.OracleUcpConnectionPool  - Returned connection to pool assia
2020-09-21 07:58:45,413 [http-nio-8080-exec-8] DEBUG dbpool.OracleUcpConnectionPool  - assia: Total connections: 1 Available: 1 Checked-out: 0
2020-09-21 07:58:45,413 [http-nio-8080-exec-8] DEBUG dbpool.OracleUcpConnectionPool  - Connection request received on pool='assia'
2020-09-21 07:58:45,413 [http-nio-8080-exec-8] DEBUG dbpool.OracleUcpConnectionPool  - Delivered connection from pool='assia'
2020-09-21 07:58:45,413 [http-nio-8080-exec-8] DEBUG dbpool.OracleUcpConnectionPool  - assia: Total connections: 1 Available: 0 Checked-out: 1
2020-09-21 07:58:45,416 [http-nio-8080-exec-8] DEBUG dbpool.OracleUcpConnectionPool  - Returned connection to pool assia
2020-09-21 07:58:45,416 [http-nio-8080-exec-8] DEBUG dbpool.OracleUcpConnectionPool  - assia: Total connections: 1 Available: 1 Checked-out: 0
2020-09-21 07:58:45,416 [http-nio-8080-exec-8] DEBUG dbpool.OracleUcpConnectionPool  - Connection request received on pool='assia'
2020-09-21 07:58:45,416 [http-nio-8080-exec-8] DEBUG dbpool.OracleUcpConnectionPool  - Delivered connection from pool='assia'
2020-09-21 07:58:45,416 [http-nio-8080-exec-8] DEBUG dbpool.OracleUcpConnectionPool  - assia: Total connections: 1 Available: 0 Checked-out: 1
2020-09-21 07:58:45,419 [http-nio-8080-exec-8] DEBUG dbpool.OracleUcpConnectionPool  - Returned connection to pool assia
2020-09-21 07:58:45,419 [http-nio-8080-exec-8] DEBUG dbpool.OracleUcpConnectionPool  - assia: Total connections: 1 Available: 1 Checked-out: 0
2020-09-21 07:58:45,419 [http-nio-8080-exec-8] DEBUG dbpool.OracleUcpConnectionPool  - Connection request received on pool='assia'
2020-09-21 07:58:45,419 [http-nio-8080-exec-8] DEBUG dbpool.OracleUcpConnectionPool  - Delivered connection from pool='assia'
2020-09-21 07:58:45,419 [http-nio-8080-exec-8] DEBUG dbpool.OracleUcpConnectionPool  - assia: Total connections: 1 Available: 0 Checked-out: 1
2020-09-21 07:58:45,421 [http-nio-8080-exec-8] DEBUG dbpool.OracleUcpConnectionPool  - Returned connection to pool assia
2020-09-21 07:58:45,421 [http-nio-8080-exec-8] DEBUG dbpool.OracleUcpConnectionPool  - assia: Total connections: 1 Available: 1 Checked-out: 0
2020-09-21 07:58:45,421 [http-nio-8080-exec-8] DEBUG dbpool.OracleUcpConnectionPool  - Connection request received on pool='assia'
2020-09-21 07:58:45,421 [http-nio-8080-exec-8] DEBUG dbpool.OracleUcpConnectionPool  - Delivered connection from pool='assia'
2020-09-21 07:58:45,421 [http-nio-8080-exec-8] DEBUG dbpool.OracleUcpConnectionPool  - assia: Total connections: 1 Available: 0 Checked-out: 1
2020-09-21 07:58:45,424 [http-nio-8080-exec-8] DEBUG dbpool.OracleUcpConnectionPool  - Returned connection to pool assia
2020-09-21 07:58:45,424 [http-nio-8080-exec-8] DEBUG dbpool.OracleUcpConnectionPool  - assia: Total connections: 1 Available: 1 Checked-out: 0
2020-09-21 07:58:45,424 [http-nio-8080-exec-8] DEBUG dbpool.OracleUcpConnectionPool  - Connection request received on pool='assia'
2020-09-21 07:58:45,424 [http-nio-8080-exec-8] DEBUG dbpool.OracleUcpConnectionPool  - Delivered connection from pool='assia'
2020-09-21 07:58:45,424 [http-nio-8080-exec-8] DEBUG dbpool.OracleUcpConnectionPool  - assia: Total connections: 1 Available: 0 Checked-out: 1
2020-09-21 07:58:45,426 [http-nio-8080-exec-8] DEBUG dbpool.OracleUcpConnectionPool  - Returned connection to pool assia
2020-09-21 07:58:45,426 [http-nio-8080-exec-8] DEBUG dbpool.OracleUcpConnectionPool  - assia: Total connections: 1 Available: 1 Checked-out: 0
2020-09-21 07:58:45,427 [http-nio-8080-exec-8] DEBUG dbpool.OracleUcpConnectionPool  - Connection request received on pool='assia'
2020-09-21 07:58:45,427 [http-nio-8080-exec-8] DEBUG dbpool.OracleUcpConnectionPool  - Delivered connection from pool='assia'
2020-09-21 07:58:45,427 [http-nio-8080-exec-8] DEBUG dbpool.OracleUcpConnectionPool  - assia: Total connections: 1 Available: 0 Checked-out: 1
2020-09-21 07:58:45,429 [http-nio-8080-exec-8] DEBUG dbpool.OracleUcpConnectionPool  - Returned connection to pool assia
2020-09-21 07:58:45,429 [http-nio-8080-exec-8] DEBUG dbpool.OracleUcpConnectionPool  - assia: Total connections: 1 Available: 1 Checked-out: 0
2020-09-21 07:58:45,430 [http-nio-8080-exec-8] DEBUG dbpool.OracleUcpConnectionPool  - Connection request received on pool='assia'
2020-09-21 07:58:45,430 [http-nio-8080-exec-8] DEBUG dbpool.OracleUcpConnectionPool  - Delivered connection from pool='assia'
2020-09-21 07:58:45,430 [http-nio-8080-exec-8] DEBUG dbpool.OracleUcpConnectionPool  - assia: Total connections: 1 Available: 0 Checked-out: 1
2020-09-21 07:58:45,432 [http-nio-8080-exec-8] DEBUG dbpool.OracleUcpConnectionPool  - Returned connection to pool assia
2020-09-21 07:58:45,432 [http-nio-8080-exec-8] DEBUG dbpool.OracleUcpConnectionPool  - assia: Total connections: 1 Available: 1 Checked-out: 0
2020-09-21 07:58:45,432 [http-nio-8080-exec-8] DEBUG dbpool.OracleUcpConnectionPool  - Connection request received on pool='assia'
2020-09-21 07:58:45,433 [http-nio-8080-exec-8] DEBUG dbpool.OracleUcpConnectionPool  - Delivered connection from pool='assia'
2020-09-21 07:58:45,433 [http-nio-8080-exec-8] DEBUG dbpool.OracleUcpConnectionPool  - assia: Total connections: 1 Available: 0 Checked-out: 1
2020-09-21 07:58:45,435 [http-nio-8080-exec-8] DEBUG dbpool.OracleUcpConnectionPool  - Returned connection to pool assia
2020-09-21 07:58:45,435 [http-nio-8080-exec-8] DEBUG dbpool.OracleUcpConnectionPool  - assia: Total connections: 1 Available: 1 Checked-out: 0
2020-09-21 07:58:45,435 [http-nio-8080-exec-8] DEBUG dbpool.OracleUcpConnectionPool  - Connection request received on pool='assia'
2020-09-21 07:58:45,435 [http-nio-8080-exec-8] DEBUG dbpool.OracleUcpConnectionPool  - Delivered connection from pool='assia'
2020-09-21 07:58:45,435 [http-nio-8080-exec-8] DEBUG dbpool.OracleUcpConnectionPool  - assia: Total connections: 1 Available: 0 Checked-out: 1
2020-09-21 07:58:45,438 [http-nio-8080-exec-8] DEBUG dbpool.OracleUcpConnectionPool  - Returned connection to pool assia
2020-09-21 07:58:45,438 [http-nio-8080-exec-8] DEBUG dbpool.OracleUcpConnectionPool  - assia: Total connections: 1 Available: 1 Checked-out: 0
2020-09-21 07:58:45,440 [http-nio-8080-exec-8] DEBUG impl.IdentityServiceWrapper  - Account found with user id=administrator.  Details=[administrator]
2020-09-21 07:58:45,440 [http-nio-8080-exec-8] DEBUG security.AuthenticationInterceptorHandler  - Privilege result of NAPI module name 'pe_data' method name 'getData' account 'administrator' ---> has privilege: 'true'
2020-09-21 07:58:45,441 [http-nio-8080-exec-8] INFO  common.AbstractKeyBasedSearchNapiReport  - LAYER2_DATA: Starting to collect data by getData().
2020-09-21 07:58:45,441 [http-nio-8080-exec-8] DEBUG common.AbstractKeyBasedSearchNapiReport  - KeyBean: Type 'LINE_ID' = value '9875550011'
2020-09-21 07:58:45,441 [http-nio-8080-exec-8] DEBUG common.AbstractKeyBasedSearchNapiReport  - DateBean: Start date '2020-09-19 00:00:00', end date 'null', num samples '0'
2020-09-21 07:58:45,441 [http-nio-8080-exec-8] DEBUG common.AbstractKeyBasedSearchNapiReport  - ParameterBeans: []
2020-09-21 07:58:45,441 [http-nio-8080-exec-8] DEBUG validator.ParameterValidationUtilities  - LAYER2_DATA KeyBean: Type 'LINE_ID' = value '9875550011'
2020-09-21 07:58:45,441 [http-nio-8080-exec-8] INFO  validator.ParameterValidationUtilities  - LAYER2_DATA: no KeyBeanValidator are defined for the report
2020-09-21 07:58:45,441 [http-nio-8080-exec-8] DEBUG validator.ParameterValidationUtilities  - LAYER2_DATA : Starting to validate the parameters
2020-09-21 07:58:45,441 [http-nio-8080-exec-8] DEBUG validator.ParameterValidationUtilities  - LAYER2_DATA : No parameters to validate
2020-09-21 07:58:45,441 [http-nio-8080-exec-8] DEBUG validator.ParameterValidationUtilities  - LAYER2_DATA: parameter 'FIELDS' not specified. Allowing all fields.
2020-09-21 07:58:45,441 [http-nio-8080-exec-8] DEBUG validator.ParameterValidationUtilities  - Validating DateBean: Start date '2020-09-19 00:00:00', end date 'null', num samples '0'
2020-09-21 07:58:45,441 [http-nio-8080-exec-8] DEBUG validator.ParameterValidationUtilities  - Checking startDate: 2020-09-19 00:00:00
2020-09-21 07:58:45,441 [http-nio-8080-exec-8] DEBUG validator.ParameterValidationUtilities  - Checking endDate: null
2020-09-21 07:58:45,441 [http-nio-8080-exec-8] DEBUG validator.ParameterValidationUtilities  - LAYER2_DATA : the endDate is null or empty
2020-09-21 07:58:45,441 [http-nio-8080-exec-8] WARN  model.DataSampleControlBean  - The value for number samples is missing. Assign it to 1.
2020-09-21 07:58:45,441 [http-nio-8080-exec-8] DEBUG common.AbstractKeyBasedSearchNapiReport  - LAYER2_DATA: DataSampleControlBean to be used to read date=DataSampleControlBean[startDate=2020-09-19 00:00:00, endDate=1969-12-31 16:00:00, numberOfSamples=1]
2020-09-21 07:58:45,441 [http-nio-8080-exec-8] INFO  common.AbstractKeyBasedSearchNapiReport  - SingleLineLayer2Report: no KeyBeanProcessors are defined for the report
2020-09-21 07:58:45,441 [http-nio-8080-exec-8] DEBUG validator.ParameterValidationUtilities  - Trying to find lineId '9875550011' in database.
2020-09-21 07:58:45,441 [http-nio-8080-exec-8] DEBUG dbpool.OracleUcpConnectionPool  - Connection request received on pool='assia'
2020-09-21 07:58:45,441 [http-nio-8080-exec-8] DEBUG dbpool.OracleUcpConnectionPool  - Delivered connection from pool='assia'
2020-09-21 07:58:45,441 [http-nio-8080-exec-8] DEBUG dbpool.OracleUcpConnectionPool  - assia: Total connections: 1 Available: 0 Checked-out: 1
2020-09-21 07:58:45,441 [http-nio-8080-exec-8] DEBUG db.Utilities  - SELECT * FROM (SELECT t0.DSLAM_NAME, t0.DSLAM_TYPE, t0.DSLAM_IP, t0.INTERFACE_TYPE, t0.NMS_NAME, t1.PORT, t1.ELEMENT_ID, t1.LINE_ID, t1.CIRCUIT_ID, t1.BONDED_GROUP_ID, t1.IS_BONDED, t1.SERVICE_PRODUCT, t1.IS_PE_ENABLED, t1.IS_PO_ENABLED, t1.STATUS, t1.NETWORK, t1.TECHNOLOGY FROM DSLAM_INFO t0, PORT_INFO t1 WHERE (t0.ELEMENT_ID = t1.ELEMENT_ID) AND (t1.CIRCUIT_ID = ?) AND (t1.STATUS <> ?) ORDER BY t1.STATUS, t1.LINE_ID)  WHERE ROWNUM <= 1
2020-09-21 07:58:45,441 [http-nio-8080-exec-8] DEBUG db.Utilities  - 9875550011
2020-09-21 07:58:45,441 [http-nio-8080-exec-8] DEBUG db.Utilities  - 1
2020-09-21 07:58:45,444 [http-nio-8080-exec-8] DEBUG dbpool.OracleUcpConnectionPool  - Returned connection to pool assia
2020-09-21 07:58:45,444 [http-nio-8080-exec-8] DEBUG dbpool.OracleUcpConnectionPool  - assia: Total connections: 1 Available: 1 Checked-out: 0
2020-09-21 07:58:45,444 [http-nio-8080-exec-8] DEBUG physicaladdress.PhysicalAddressReaderCircuitId  - Circuit-id '9875550011' Could not be found in the DB: Could not find Physical address for line '[9875550011]'
2020-09-21 07:58:45,444 [http-nio-8080-exec-8] DEBUG dbpool.OracleUcpConnectionPool  - Connection request received on pool='assia'
2020-09-21 07:58:45,444 [http-nio-8080-exec-8] DEBUG dbpool.OracleUcpConnectionPool  - Delivered connection from pool='assia'
2020-09-21 07:58:45,444 [http-nio-8080-exec-8] DEBUG dbpool.OracleUcpConnectionPool  - assia: Total connections: 1 Available: 0 Checked-out: 1
2020-09-21 07:58:45,444 [http-nio-8080-exec-8] DEBUG db.Utilities  - SELECT t0.DSLAM_NAME, t0.DSLAM_TYPE, t0.DSLAM_IP, t0.INTERFACE_TYPE, t0.NMS_NAME, t1.PORT, t1.ELEMENT_ID, t1.LINE_ID, t1.CIRCUIT_ID, t1.BONDED_GROUP_ID, t1.IS_BONDED, t1.SERVICE_PRODUCT, t1.IS_PE_ENABLED, t1.IS_PO_ENABLED, t1.STATUS, t1.NETWORK, t1.TECHNOLOGY FROM DSLAM_INFO t0, PORT_INFO t1 WHERE (t0.ELEMENT_ID = t1.ELEMENT_ID) AND (t1.LINE_ID = ?) AND (t1.STATUS <> ?) AND ROWNUM <= 1
2020-09-21 07:58:45,444 [http-nio-8080-exec-8] DEBUG db.Utilities  - 9875550011
2020-09-21 07:58:45,444 [http-nio-8080-exec-8] DEBUG db.Utilities  - 1
2020-09-21 07:58:45,445 [http-nio-8080-exec-8] DEBUG dbpool.OracleUcpConnectionPool  - Returned connection to pool assia
2020-09-21 07:58:45,446 [http-nio-8080-exec-8] DEBUG dbpool.OracleUcpConnectionPool  - assia: Total connections: 1 Available: 1 Checked-out: 0
2020-09-21 07:58:45,446 [http-nio-8080-exec-8] DEBUG physicaladdress.PhysicalAddressReaderRegexp  - Resolved physical address: LINE_ID = 9875550011, DSLAM = ISAM_PON_5_5, PORT = 1-1-1-4#1-g1
2020-09-21 07:58:45,446 [http-nio-8080-exec-8] DEBUG validator.ParameterValidationUtilities  - Found physical address for line id 9875550011
2020-09-21 07:58:45,446 [http-nio-8080-exec-8] DEBUG validator.ParameterValidationUtilities  - 'ElementId' ='36441'
2020-09-21 07:58:45,446 [http-nio-8080-exec-8] DEBUG validator.ParameterValidationUtilities  - 'NmsName' ='SNMP'
2020-09-21 07:58:45,446 [http-nio-8080-exec-8] DEBUG validator.ParameterValidationUtilities  - 'NmsType' ='ISAM_PON'
2020-09-21 07:58:45,446 [http-nio-8080-exec-8] DEBUG validator.ParameterValidationUtilities  - 'Port' ='1-1-1-4#1-g1'
2020-09-21 07:58:45,446 [http-nio-8080-exec-8] DEBUG validator.ParameterValidationUtilities  - 'TagId' ='ISAM_PON_5_5'
2020-09-21 07:58:45,446 [http-nio-8080-exec-8] DEBUG validator.ParameterValidationUtilities  - 'Region' ='PACIFIC'
2020-09-21 07:58:45,446 [http-nio-8080-exec-8] DEBUG validator.ParameterValidationUtilities  - 'Technology' ='PON'
2020-09-21 07:58:45,446 [http-nio-8080-exec-8] DEBUG reader.Layer2DataReader  - About to read data for lineId='LINE_ID = 9875550011, DSLAM = ISAM_PON_5_5, PORT = 1-1-1-4#1-g1', startDate='1600498800000', endDate='0'
2020-09-21 07:58:45,446 [http-nio-8080-exec-8] DEBUG reader.DbWhereFactory  - Adding date filtering for table: 'LAYER2_DATA', startDate: '2020-09-19 00:00:00', endDate: '1969-12-31 16:00:00'
2020-09-21 07:58:45,446 [http-nio-8080-exec-8] DEBUG reader.Layer2DataReader  - Using options GenericBeanReaderOptions{distinct=false, offset=0, limit=1}
2020-09-21 07:58:45,446 [http-nio-8080-exec-8] DEBUG dbpool.OracleUcpConnectionPool  - Connection request received on pool='assia'
2020-09-21 07:58:45,446 [http-nio-8080-exec-8] DEBUG dbpool.OracleUcpConnectionPool  - Delivered connection from pool='assia'
2020-09-21 07:58:45,446 [http-nio-8080-exec-8] DEBUG dbpool.OracleUcpConnectionPool  - assia: Total connections: 1 Available: 0 Checked-out: 1
2020-09-21 07:58:45,446 [http-nio-8080-exec-8] DEBUG db.Utilities  - Both limit and paginator provide same limit value.  Removing the limit value
2020-09-21 07:58:45,446 [http-nio-8080-exec-8] DEBUG db.Utilities  - SELECT * FROM ( SELECT /*+ FIRST_ROWS(n) */ a.*, ROWNUM rnum FROM (SELECT DSLAM, LINE_ID, PORT, COLLECTION_DATE, VLAN, SVLAN, STATE, SPEED, DUPLEX_MODE, SPEED_CONFIGURED, DUPLEX_MODE_CONFIGURED, OTHER FROM LAYER2_DATA WHERE (COLLECTION_DATE >= ?) AND (LINE_ID = ?) ORDER BY COLLECTION_DATE) a WHERE ROWNUM <= 1) WHERE rnum > 0
2020-09-21 07:58:45,446 [http-nio-8080-exec-8] DEBUG db.Utilities  - 1600498800000
2020-09-21 07:58:45,446 [http-nio-8080-exec-8] DEBUG db.Utilities  - 9875550011
2020-09-21 07:58:45,464 [http-nio-8080-exec-8] DEBUG dbpool.OracleUcpConnectionPool  - Returned connection to pool assia
2020-09-21 07:58:45,464 [http-nio-8080-exec-8] DEBUG dbpool.OracleUcpConnectionPool  - assia: Total connections: 1 Available: 1 Checked-out: 0
2020-09-21 07:58:45,464 [http-nio-8080-exec-8] DEBUG helper.GenericBeanResultReader  - Success query, obtained '0' results
2020-09-21 07:58:45,464 [http-nio-8080-exec-8] DEBUG reader.Layer2DataReader  - Found 0 results 
2020-09-21 07:58:45,464 [http-nio-8080-exec-8] DEBUG singleline.SingleLineLayer2Report  - LAYER2_DATA: No data found for key=9875550011, dataSampleControlBean=DataSampleControlBean[startDate=2020-09-19 00:00:00, endDate=1969-12-31 16:00:00, numberOfSamples=1]
2020-09-21 07:58:45,465 [http-nio-8080-exec-8] DEBUG common.AbstractKeyBasedSearchNapiReport  - WS Operation 'GetData' took 24 milliseconds
2020-09-21 07:58:45,465 [http-nio-8080-exec-8] DEBUG audit.AuditAspectTemplate  - Auditing event data='ReportDataContainer com.assia.dslo.report.common.DatabaseServiceExecutor.getData(String, KeyBean, DateBean, ParameterBean[])', action='LAYER2_DATA:getData', key='LINE_ID:9875550011',params='{dateInfo=Start date '2020-09-19 00:00:00', end date 'null', num samples '0', params=[]}', timeBefore='1600700325441' and timeAfter='1600700325465'. Should store a duration of '24' ms
2020-09-21 07:58:45,465 [http-nio-8080-exec-8] DEBUG audit.AssiaContextAuditableEventServletFactory  - Session id override by context to=E52A1EFA24E6DB37AF78E975572CF4A8.demo-b.assia-inc.com
2020-09-21 07:58:45,465 [http-nio-8080-exec-8] DEBUG security.AuditInterceptorHandler  - AuditInterceptorHandler is invoked ...
2020-09-21 07:58:45,465 [http-nio-8080-exec-8] DEBUG security.AuditInterceptorHandler  - Authentication token provided
2020-09-21 07:58:45,465 [http-nio-8080-exec-8] DEBUG security.AuditInterceptorHandler  - Status of authentication token is SUCCESS. User is AUTHENTICATED
2020-09-21 07:58:45,465 [http-nio-8080-exec-8] DEBUG security.AuditInterceptorHandler  - Message was successfully authenticated. Setting status to success
2020-09-21 07:58:45,465 [http-nio-8080-exec-8] DEBUG security.AuditInterceptorHandler  - Audit disabled for service=pe_data and operation status=getData
2020-09-21 07:58:45,465 [http-nio-8080-exec-8] DEBUG trace.ActivityTracingFile  - Activity:  USER[administrator] from IP[WS Server]  Type[WS Response] Service[pe_data] Operation[getData] Status[Succeeded, Authenticated] Parameters[<?xml version='1.0' encoding='utf-8'?><soapenv:Envelope xmlns:soapenv="http://schemas.xmlsoap.org/soap/envelope/"><soapenv:Header/><soapenv:Body><ns:getDataResponse xmlns:ns="http://ws.api.report.dslo.assia.com"><ns:return xmlns:ax253="http://model.napi.dslo.assia.com/xsd" xmlns:xsi="http://www.w3.org/2001/XMLSchema-instance" xsi:type="ax253:ResponseDataBean"><ax253:message>No data returned.</ax253:message><ax253:statusCode>30</ax253:statusCode></ns:return></ns:getDataResponse></soapenv:Body></soapenv:Envelope>]
2020-09-21 07:58:45,465 [http-nio-8080-exec-8] DEBUG security.AuthenticationInterceptorHandler  - Running AuthenticationInterceptorHandler
2020-09-21 07:58:45,466 [http-nio-8080-exec-8] INFO  security.AuthenticationInterceptorHandler  - Doing authentication for service 'pe_data' and method 'getData'
2020-09-21 07:58:45,466 [http-nio-8080-exec-8] DEBUG security.AuthenticationInterceptorHandler  - User is already authenticated
2020-09-21 07:58:45,466 [http-nio-8080-exec-8] DEBUG security.AuthenticationInterceptorHandler  - Try to check the privilege to NAPI module name 'pe_data' method name 'getData' for account 'administrator'
2020-09-21 07:58:45,466 [http-nio-8080-exec-8] DEBUG security.AuthenticationInterceptorHandler  - Find the privilege in the cache.
2020-09-21 07:58:45,466 [http-nio-8080-exec-8] DEBUG security.AuthenticationInterceptorHandler  - Privilege result of NAPI module name 'pe_data' method name 'getData' account 'administrator' ---> has privilege: 'true'
